<?xml version="1.0" encoding="UTF-8"?>
<testsuite xmlns:xsi="http://www.w3.org/2001/XMLSchema-instance" xsi:noNamespaceSchemaLocation="https://maven.apache.org/surefire/maven-failsafe-plugin/xsd/failsafe-test-report.xsd" name="com.anadoluefes.EmailWorkItemWorkitemIntegrationTest" time="0.234" tests="1" errors="0" skipped="0" failures="0">
  <properties>
[...]
</properties>
  <testcase name="testWorkitemValidity" classname="com.anadoluefes.EmailWorkItemWorkitemIntegrationTest" time="0.192"/>
</testsuite>